1529383628.943674 client started (6699): version 2.6, socket /tmp/tmux-1000/default, protocol 8
1529383628.943689 on Linux 4.15.0-23-generic #25-Ubuntu SMP Wed May 23 18:02:16 UTC 2018; libevent 2.1.8-stable (poll)
1529383628.943698 socket is /tmp/tmux-1000/default
1529383628.943707 trying connect
1529383628.943717 connect failed: No such file or directory
1529383628.943722 lock file is /tmp/tmux-1000/default.lock
1529383628.943737 flock succeeded
1529383628.943740 got lock (6)
1529383628.943743 trying connect
1529383628.943746 connect failed: No such file or directory
1529383628.943868 add peer 0x55a7fc523840: 7 ((nil))
1529383628.943918 sending message 100 to peer 0x55a7fc523840 (4 bytes)
1529383628.943922 sending message 101 to peer 0x55a7fc523840 (15 bytes)
1529383628.943924 sending message 102 to peer 0x55a7fc523840 (11 bytes)
1529383628.943926 sending message 108 to peer 0x55a7fc523840 (40 bytes)
1529383628.943929 sending message 104 to peer 0x55a7fc523840 (0 bytes)
1529383628.943931 sending message 107 to peer 0x55a7fc523840 (4 bytes)
1529383628.943933 sending message 105 to peer 0x55a7fc523840 (22 bytes)
1529383628.943935 sending message 105 to peer 0x55a7fc523840 (1516 bytes)
1529383628.943941 sending message 105 to peer 0x55a7fc523840 (34 bytes)
1529383628.943943 sending message 105 to peer 0x55a7fc523840 (23 bytes)
1529383628.943945 sending message 105 to peer 0x55a7fc523840 (17 bytes)
1529383628.943947 sending message 105 to peer 0x55a7fc523840 (11 bytes)
1529383628.943949 sending message 105 to peer 0x55a7fc523840 (20 bytes)
1529383628.943951 sending message 105 to peer 0x55a7fc523840 (32 bytes)
1529383628.943953 sending message 105 to peer 0x55a7fc523840 (20 bytes)
1529383628.943955 sending message 105 to peer 0x55a7fc523840 (16 bytes)
1529383628.943956 sending message 105 to peer 0x55a7fc523840 (11 bytes)
1529383628.943958 sending message 105 to peer 0x55a7fc523840 (41 bytes)
1529383628.943960 sending message 105 to peer 0x55a7fc523840 (54 bytes)
1529383628.943962 sending message 105 to peer 0x55a7fc523840 (14 bytes)
1529383628.943964 sending message 105 to peer 0x55a7fc523840 (17 bytes)
1529383628.943966 sending message 105 to peer 0x55a7fc523840 (12 bytes)
1529383628.943968 sending message 105 to peer 0x55a7fc523840 (23 bytes)
1529383628.943970 sending message 105 to peer 0x55a7fc523840 (18 bytes)
1529383628.943972 sending message 105 to peer 0x55a7fc523840 (33 bytes)
1529383628.943980 sending message 105 to peer 0x55a7fc523840 (86 bytes)
1529383628.943982 sending message 105 to peer 0x55a7fc523840 (51 bytes)
1529383628.943984 sending message 105 to peer 0x55a7fc523840 (44 bytes)
1529383628.943986 sending message 105 to peer 0x55a7fc523840 (18 bytes)
1529383628.943988 sending message 105 to peer 0x55a7fc523840 (21 bytes)
1529383628.943990 sending message 105 to peer 0x55a7fc523840 (19 bytes)
1529383628.943991 sending message 105 to peer 0x55a7fc523840 (19 bytes)
1529383628.943993 sending message 105 to peer 0x55a7fc523840 (21 bytes)
1529383628.943995 sending message 105 to peer 0x55a7fc523840 (83 bytes)
1529383628.943997 sending message 105 to peer 0x55a7fc523840 (27 bytes)
1529383628.943999 sending message 105 to peer 0x55a7fc523840 (24 bytes)
1529383628.944001 sending message 105 to peer 0x55a7fc523840 (28 bytes)
1529383628.944003 sending message 105 to peer 0x55a7fc523840 (13 bytes)
1529383628.944005 sending message 105 to peer 0x55a7fc523840 (20 bytes)
1529383628.944007 sending message 105 to peer 0x55a7fc523840 (16 bytes)
1529383628.944009 sending message 105 to peer 0x55a7fc523840 (17 bytes)
1529383628.944011 sending message 105 to peer 0x55a7fc523840 (17 bytes)
1529383628.944013 sending message 105 to peer 0x55a7fc523840 (20 bytes)
1529383628.944015 sending message 105 to peer 0x55a7fc523840 (18 bytes)
1529383628.944016 sending message 105 to peer 0x55a7fc523840 (33 bytes)
1529383628.944018 sending message 105 to peer 0x55a7fc523840 (52 bytes)
1529383628.944020 sending message 105 to peer 0x55a7fc523840 (29 bytes)
1529383628.944022 sending message 105 to peer 0x55a7fc523840 (15 bytes)
1529383628.944024 sending message 105 to peer 0x55a7fc523840 (8 bytes)
1529383628.944030 sending message 105 to peer 0x55a7fc523840 (18 bytes)
1529383628.944032 sending message 105 to peer 0x55a7fc523840 (44 bytes)
1529383628.944035 sending message 105 to peer 0x55a7fc523840 (15 bytes)
1529383628.944037 sending message 105 to peer 0x55a7fc523840 (54 bytes)
1529383628.944039 sending message 105 to peer 0x55a7fc523840 (31 bytes)
1529383628.944041 sending message 105 to peer 0x55a7fc523840 (41 bytes)
1529383628.944043 sending message 105 to peer 0x55a7fc523840 (45 bytes)
1529383628.944044 sending message 105 to peer 0x55a7fc523840 (131 bytes)
1529383628.944046 sending message 105 to peer 0x55a7fc523840 (33 bytes)
1529383628.944048 sending message 105 to peer 0x55a7fc523840 (82 bytes)
1529383628.944050 sending message 105 to peer 0x55a7fc523840 (32 bytes)
1529383628.944052 sending message 105 to peer 0x55a7fc523840 (19 bytes)
1529383628.944054 sending message 105 to peer 0x55a7fc523840 (16 bytes)
1529383628.944056 sending message 105 to peer 0x55a7fc523840 (16 bytes)
1529383628.944058 sending message 106 to peer 0x55a7fc523840 (0 bytes)
1529383628.944060 sending message 200 to peer 0x55a7fc523840 (4 bytes)
1529383628.944062 client loop enter
1529383628.950626 peer 0x55a7fc523840 message 207
1529383628.950637 sending message 208 to peer 0x55a7fc523840 (0 bytes)
1529383639.087564 peer 0x55a7fc523840 message 203
1529383639.087576 sending message 205 to peer 0x55a7fc523840 (0 bytes)
1529383639.087748 peer 0x55a7fc523840 message 204
1529383639.087753 client loop exit
